Build started 2014-06-04 17:06:43.
     1>Project "C:\Users\linuz\git\Project Vattenflaska\Project Vattenflaska.vcxproj" on node 2 (Rebuild target(s)).
     1>ClCompile:
         C:\Program Files (x86)\Microsoft Visual Studio 11.0\VC\bin\CL.exe /c /Zi /nologo /W3 /WX- /O2 /Oi /Oy- /GL /D _MBCS /Gm- /EHsc /MD /GS /Gy /fp:precise /Zc:wchar_t /Zc:forScope /Fo"Release\\" /Fd"Release\vc110.pdb" /Gd /TP /analyze- /errorReport:prompt Application.cpp Camera.cpp Door.cpp DrawableObject.cpp EventSys\EventManager.cpp EventSys\EventManagerImpl.cpp EventSys\Events.cpp Game.cpp GameTime.cpp GlobalLight.cpp ImportReader.cpp Input.cpp Lever.cpp LuaEngine.cpp LuaWrapper.cpp main.cpp Menu.cpp NavMesh.cpp NavMeshObject.cpp Particle.cpp ParticleHandler.cpp Picking.cpp Room.cpp Sound.cpp TestObject.cpp Torch.cpp Wheel.cpp
         Application.cpp
         Camera.cpp
         Door.cpp
     1>Door.cpp(76): warning C4018: '<' : signed/unsigned mismatch
         DrawableObject.cpp
         EventManager.cpp
         EventManagerImpl.cpp
         Events.cpp
         Game.cpp
     1>Game.cpp(542): warning C4018: '<' : signed/unsigned mismatch
     1>Game.cpp(545): warning C4244: '=' : conversion from 'unsigned int' to 'float', possible loss of data
     1>Game.cpp(564): warning C4018: '<' : signed/unsigned mismatch
     1>Game.cpp(752): warning C4018: '<' : signed/unsigned mismatch
     1>Game.cpp(844): warning C4018: '<' : signed/unsigned mismatch
     1>Game.cpp(882): warning C4018: '<' : signed/unsigned mismatch
     1>Game.cpp(913): warning C4018: '<' : signed/unsigned mismatch
     1>Game.cpp(928): warning C4101: 'p' : unreferenced local variable
     1>Game.cpp(1023): warning C4018: '<' : signed/unsigned mismatch
         GameTime.cpp
         GlobalLight.cpp
         ImportReader.cpp
     1>ImportReader.cpp(73): warning C4018: '<' : signed/unsigned mismatch
     1>ImportReader.cpp(157): warning C4018: '<' : signed/unsigned mismatch
     1>ImportReader.cpp(195): warning C4018: '<' : signed/unsigned mismatch
     1>ImportReader.cpp(226): warning C4018: '<' : signed/unsigned mismatch
         Input.cpp
         Lever.cpp
         LuaEngine.cpp
         LuaWrapper.cpp
     1>LuaWrapper.cpp(11): warning C4002: too many actual parameters for macro 'lua_tointeger'
     1>LuaWrapper.cpp(32): warning C4002: too many actual parameters for macro 'lua_tostring'
     1>LuaWrapper.cpp(42): warning C4002: too many actual parameters for macro 'lua_tostring'
         main.cpp
         Menu.cpp
         NavMesh.cpp
     1>NavMesh.cpp(17): warning C4305: '=' : truncation from 'double' to 'float'
         NavMeshObject.cpp
         Particle.cpp
     1>Particle.cpp(67): warning C4244: '=' : conversion from 'float' to 'int', possible loss of data
         Compiling...
         ParticleHandler.cpp
     1>ParticleHandler.cpp(228): warning C4018: '<' : signed/unsigned mismatch
     1>ParticleHandler.cpp(240): warning C4018: '<' : signed/unsigned mismatch
     1>ParticleHandler.cpp(275): warning C4018: '<' : signed/unsigned mismatch
     1>ParticleHandler.cpp(280): warning C4018: '<' : signed/unsigned mismatch
     1>ParticleHandler.cpp(298): warning C4018: '<' : signed/unsigned mismatch
         Picking.cpp
     1>Picking.cpp(96): warning C4018: '<' : signed/unsigned mismatch
     1>Picking.cpp(235): warning C4018: '<' : signed/unsigned mismatch
     1>Picking.cpp(268): warning C4101: 'intersect' : unreferenced local variable
     1>Picking.cpp(268): warning C4101: 'hr' : unreferenced local variable
         Room.cpp
     1>Room.cpp(119): warning C4018: '<' : signed/unsigned mismatch
     1>Room.cpp(128): warning C4018: '<' : signed/unsigned mismatch
     1>Room.cpp(141): warning C4018: '<' : signed/unsigned mismatch
     1>Room.cpp(151): warning C4018: '<' : signed/unsigned mismatch
     1>Room.cpp(174): warning C4018: '<' : signed/unsigned mismatch
     1>Room.cpp(189): warning C4018: '<' : signed/unsigned mismatch
     1>Room.cpp(201): warning C4018: '<' : signed/unsigned mismatch
     1>Room.cpp(315): warning C4018: '<' : signed/unsigned mismatch
     1>Room.cpp(318): warning C4018: '<' : signed/unsigned mismatch
     1>Room.cpp(321): warning C4018: '<' : signed/unsigned mismatch
     1>Room.cpp(324): warning C4018: '<' : signed/unsigned mismatch
     1>Room.cpp(327): warning C4018: '<' : signed/unsigned mismatch
     1>Room.cpp(339): warning C4018: '<' : signed/unsigned mismatch
     1>Room.cpp(342): warning C4018: '<' : signed/unsigned mismatch
     1>Room.cpp(345): warning C4018: '<' : signed/unsigned mismatch
     1>Room.cpp(348): warning C4018: '<' : signed/unsigned mismatch
     1>Room.cpp(351): warning C4018: '<' : signed/unsigned mismatch
         Sound.cpp
         TestObject.cpp
         Torch.cpp
         Wheel.cpp
       Link:
         C:\Program Files (x86)\Microsoft Visual Studio 11.0\VC\bin\link.exe /ERRORREPORT:PROMPT /OUT:"C:\Users\linuz\git\Release\Project Vattenflaska.exe" /NOLOGO Lua.lib kernel32.lib user32.lib gdi32.lib winspool.lib comdlg32.lib advapi32.lib shell32.lib ole32.lib oleaut32.lib uuid.lib odbc32.lib odbccp32.lib /MANIFEST /MANIFESTUAC:"level='asInvoker' uiAccess='false'" /manifest:embed /DEBUG /PDB:"C:\Users\linuz\git\Release\Project Vattenflaska.pdb" /OPT:REF /OPT:ICF /LTCG /TLBID:1 /DYNAMICBASE /NXCOMPAT /IMPLIB:"C:\Users\linuz\git\Release\Project Vattenflaska.lib" /MACHINE:X86 /SAFESEH Release\Application.obj
         Release\Camera.obj
         Release\Door.obj
         Release\DrawableObject.obj
         Release\EventManager.obj
         Release\EventManagerImpl.obj
         Release\Events.obj
         Release\Game.obj
         Release\GameTime.obj
         Release\GlobalLight.obj
         Release\ImportReader.obj
         Release\Input.obj
         Release\Lever.obj
         Release\LuaEngine.obj
         Release\LuaWrapper.obj
         Release\main.obj
         Release\Menu.obj
         Release\NavMesh.obj
         Release\NavMeshObject.obj
         Release\Particle.obj
         Release\ParticleHandler.obj
         Release\Picking.obj
         Release\Room.obj
         Release\Sound.obj
         Release\TestObject.obj
         Release\Torch.obj
         Release\Wheel.obj
         C:\Users\linuz\git\DirectXTK\Audio\Bin\Desktop_2012\Win32\Release\DirectXTKAudioDX.lib
         C:\Users\linuz\git\DirectXTK\Bin\Desktop_2012\Win32\Release\DirectXTK.lib
         Generating code
         Finished generating code
         Project Vattenflaska.vcxproj -> C:\Users\linuz\git\Release\Project Vattenflaska.exe
     1>Done Building Project "C:\Users\linuz\git\Project Vattenflaska\Project Vattenflaska.vcxproj" (Rebuild target(s)).

Build succeeded.

Time Elapsed 00:00:34.10
