C:\USERS\LINUZ\DESKTOP\LITET SPELPROJEKT\DIRECTXTK\AUDIO\BIN\DESKTOP_2012\WIN32\DEBUG\DIRECTXTKAUDIODX.PCH
C:\USERS\LINUZ\DESKTOP\LITET SPELPROJEKT\DIRECTXTK\AUDIO\BIN\DESKTOP_2012\WIN32\DEBUG\AUDIOENGINE.OBJ
C:\USERS\LINUZ\DESKTOP\LITET SPELPROJEKT\DIRECTXTK\AUDIO\BIN\DESKTOP_2012\WIN32\DEBUG\DIRECTXTKAUDIODX.PDB
C:\USERS\LINUZ\DESKTOP\LITET SPELPROJEKT\DIRECTXTK\AUDIO\BIN\DESKTOP_2012\WIN32\DEBUG\DYNAMICSOUNDEFFECTINSTANCE.OBJ
C:\USERS\LINUZ\DESKTOP\LITET SPELPROJEKT\DIRECTXTK\AUDIO\BIN\DESKTOP_2012\WIN32\DEBUG\SOUNDCOMMON.OBJ
C:\USERS\LINUZ\DESKTOP\LITET SPELPROJEKT\DIRECTXTK\AUDIO\BIN\DESKTOP_2012\WIN32\DEBUG\SOUNDEFFECT.OBJ
C:\USERS\LINUZ\DESKTOP\LITET SPELPROJEKT\DIRECTXTK\AUDIO\BIN\DESKTOP_2012\WIN32\DEBUG\SOUNDEFFECTINSTANCE.OBJ
C:\USERS\LINUZ\DESKTOP\LITET SPELPROJEKT\DIRECTXTK\AUDIO\BIN\DESKTOP_2012\WIN32\DEBUG\WAVEBANK.OBJ
C:\USERS\LINUZ\DESKTOP\LITET SPELPROJEKT\DIRECTXTK\AUDIO\BIN\DESKTOP_2012\WIN32\DEBUG\WAVEBANKREADER.OBJ
C:\USERS\LINUZ\DESKTOP\LITET SPELPROJEKT\DIRECTXTK\AUDIO\BIN\DESKTOP_2012\WIN32\DEBUG\WAVFILEREADER.OBJ
C:\USERS\LINUZ\DESKTOP\LITET SPELPROJEKT\DIRECTXTK\AUDIO\BIN\DESKTOP_2012\WIN32\DEBUG\DIRECTXTKAUDIODX.LIB
C:\Users\linuz\Desktop\Litet Spelprojekt\DirectXTK\Audio\Bin\Desktop_2012\Win32\Debug\AudioEngine.obj
C:\Users\linuz\Desktop\Litet Spelprojekt\DirectXTK\Audio\Bin\Desktop_2012\Win32\Debug\DynamicSoundEffectInstance.obj
C:\Users\linuz\Desktop\Litet Spelprojekt\DirectXTK\Audio\Bin\Desktop_2012\Win32\Debug\SoundCommon.obj
C:\Users\linuz\Desktop\Litet Spelprojekt\DirectXTK\Audio\Bin\Desktop_2012\Win32\Debug\SoundEffect.obj
C:\Users\linuz\Desktop\Litet Spelprojekt\DirectXTK\Audio\Bin\Desktop_2012\Win32\Debug\SoundEffectInstance.obj
C:\Users\linuz\Desktop\Litet Spelprojekt\DirectXTK\Audio\Bin\Desktop_2012\Win32\Debug\WaveBank.obj
C:\Users\linuz\Desktop\Litet Spelprojekt\DirectXTK\Audio\Bin\Desktop_2012\Win32\Debug\WaveBankReader.obj
C:\Users\linuz\Desktop\Litet Spelprojekt\DirectXTK\Audio\Bin\Desktop_2012\Win32\Debug\WAVFileReader.obj
C:\Users\linuz\Desktop\Litet Spelprojekt\DirectXTK\Audio\Bin\Desktop_2012\Win32\Debug\cl.command.1.tlog
C:\Users\linuz\Desktop\Litet Spelprojekt\DirectXTK\Audio\Bin\Desktop_2012\Win32\Debug\CL.read.1.tlog
C:\Users\linuz\Desktop\Litet Spelprojekt\DirectXTK\Audio\Bin\Desktop_2012\Win32\Debug\CL.write.1.tlog
C:\Users\linuz\Desktop\Litet Spelprojekt\DirectXTK\Audio\Bin\Desktop_2012\Win32\Debug\Lib-link.read.1.tlog
C:\Users\linuz\Desktop\Litet Spelprojekt\DirectXTK\Audio\Bin\Desktop_2012\Win32\Debug\Lib-link.write.1.tlog
C:\Users\linuz\Desktop\Litet Spelprojekt\DirectXTK\Audio\Bin\Desktop_2012\Win32\Debug\lib.command.1.tlog
C:\Users\linuz\Desktop\Litet Spelprojekt\DirectXTK\Audio\Bin\Desktop_2012\Win32\Debug\DirectXTKAudioDX.pch
C:\Users\linuz\Desktop\Litet Spelprojekt\DirectXTK\Audio\Bin\Desktop_2012\Win32\Debug\DirectXTKAudioDX.idb
C:\Users\linuz\Desktop\Litet Spelprojekt\DirectXTK\Audio\Bin\Desktop_2012\Win32\Debug\directxtkaudiodx.pdb
C:\Users\linuz\Desktop\Litet Spelprojekt\DirectXTK\Audio\Bin\Desktop_2012\Win32\Debug\DirectXTKAudioDX.lib
