Build started 2014-06-02 17:40:08.
     1>Project "C:\Users\bth\Desktop\Project\Project Vattenflaska\Project Vattenflaska.vcxproj" on node 3 (Build target(s)).
     1>ClCompile:
         C:\Program Files (x86)\Microsoft Visual Studio 11.0\VC\bin\CL.exe /c /ZI /nologo /W3 /WX- /Od /Oy- /D _MBCS /Gm /EHsc /RTC1 /MDd /GS /fp:precise /Zc:wchar_t /Zc:forScope /Fo"Debug\\" /Fd"Debug\vc110.pdb" /Gd /TP /analyze- /errorReport:prompt Application.cpp Camera.cpp Door.cpp DrawableObject.cpp EventSys\EventManager.cpp EventSys\EventManagerImpl.cpp EventSys\Events.cpp Game.cpp GameTime.cpp GlobalLight.cpp ImportReader.cpp Input.cpp Lever.cpp LuaEngine.cpp LuaWrapper.cpp main.cpp Menu.cpp NavMesh.cpp NavMeshObject.cpp Particle.cpp ParticleHandler.cpp Picking.cpp Room.cpp Sound.cpp TestObject.cpp Torch.cpp Wheel.cpp
         Wheel.cpp
         Torch.cpp
         TestObject.cpp
         Sound.cpp
         Room.cpp
     1>c:\users\bth\desktop\project\project vattenflaska\room.cpp(119): warning C4018: '<' : signed/unsigned mismatch
     1>c:\users\bth\desktop\project\project vattenflaska\room.cpp(128): warning C4018: '<' : signed/unsigned mismatch
     1>c:\users\bth\desktop\project\project vattenflaska\room.cpp(141): warning C4018: '<' : signed/unsigned mismatch
     1>c:\users\bth\desktop\project\project vattenflaska\room.cpp(151): warning C4018: '<' : signed/unsigned mismatch
     1>c:\users\bth\desktop\project\project vattenflaska\room.cpp(174): warning C4018: '<' : signed/unsigned mismatch
     1>c:\users\bth\desktop\project\project vattenflaska\room.cpp(189): warning C4018: '<' : signed/unsigned mismatch
     1>c:\users\bth\desktop\project\project vattenflaska\room.cpp(201): warning C4018: '<' : signed/unsigned mismatch
     1>c:\users\bth\desktop\project\project vattenflaska\room.cpp(315): warning C4018: '<' : signed/unsigned mismatch
     1>c:\users\bth\desktop\project\project vattenflaska\room.cpp(318): warning C4018: '<' : signed/unsigned mismatch
     1>c:\users\bth\desktop\project\project vattenflaska\room.cpp(321): warning C4018: '<' : signed/unsigned mismatch
     1>c:\users\bth\desktop\project\project vattenflaska\room.cpp(324): warning C4018: '<' : signed/unsigned mismatch
     1>c:\users\bth\desktop\project\project vattenflaska\room.cpp(327): warning C4018: '<' : signed/unsigned mismatch
     1>c:\users\bth\desktop\project\project vattenflaska\room.cpp(339): warning C4018: '<' : signed/unsigned mismatch
     1>c:\users\bth\desktop\project\project vattenflaska\room.cpp(342): warning C4018: '<' : signed/unsigned mismatch
     1>c:\users\bth\desktop\project\project vattenflaska\room.cpp(345): warning C4018: '<' : signed/unsigned mismatch
     1>c:\users\bth\desktop\project\project vattenflaska\room.cpp(348): warning C4018: '<' : signed/unsigned mismatch
     1>c:\users\bth\desktop\project\project vattenflaska\room.cpp(351): warning C4018: '<' : signed/unsigned mismatch
         Picking.cpp
     1>c:\users\bth\desktop\project\project vattenflaska\picking.cpp(96): warning C4018: '<' : signed/unsigned mismatch
     1>c:\users\bth\desktop\project\project vattenflaska\picking.cpp(237): warning C4018: '<' : signed/unsigned mismatch
     1>c:\users\bth\desktop\project\project vattenflaska\picking.cpp(286): warning C4101: 'intersect' : unreferenced local variable
     1>c:\users\bth\desktop\project\project vattenflaska\picking.cpp(286): warning C4101: 'hr' : unreferenced local variable
         ParticleHandler.cpp
     1>c:\users\bth\desktop\project\project vattenflaska\particlehandler.cpp(228): warning C4018: '<' : signed/unsigned mismatch
     1>c:\users\bth\desktop\project\project vattenflaska\particlehandler.cpp(240): warning C4018: '<' : signed/unsigned mismatch
     1>c:\users\bth\desktop\project\project vattenflaska\particlehandler.cpp(275): warning C4018: '<' : signed/unsigned mismatch
     1>c:\users\bth\desktop\project\project vattenflaska\particlehandler.cpp(280): warning C4018: '<' : signed/unsigned mismatch
     1>c:\users\bth\desktop\project\project vattenflaska\particlehandler.cpp(298): warning C4018: '<' : signed/unsigned mismatch
         Particle.cpp
     1>c:\users\bth\desktop\project\project vattenflaska\particle.cpp(67): warning C4244: '=' : conversion from 'float' to 'int', possible loss of data
         NavMeshObject.cpp
         NavMesh.cpp
     1>c:\users\bth\desktop\project\project vattenflaska\navmesh.cpp(17): warning C4305: '=' : truncation from 'double' to 'float'
         Menu.cpp
     1>c:\users\bth\desktop\project\project vattenflaska\menu.cpp(49): warning C4244: 'argument' : conversion from 'int' to 'float', possible loss of data
         main.cpp
         LuaWrapper.cpp
     1>c:\users\bth\desktop\project\project vattenflaska\luawrapper.cpp(11): warning C4002: too many actual parameters for macro 'lua_tointeger'
     1>c:\users\bth\desktop\project\project vattenflaska\luawrapper.cpp(32): warning C4002: too many actual parameters for macro 'lua_tostring'
     1>c:\users\bth\desktop\project\project vattenflaska\luawrapper.cpp(42): warning C4002: too many actual parameters for macro 'lua_tostring'
         LuaEngine.cpp
         Lever.cpp
         Input.cpp
         ImportReader.cpp
     1>c:\users\bth\desktop\project\project vattenflaska\importreader.cpp(73): warning C4018: '<' : signed/unsigned mismatch
     1>c:\users\bth\desktop\project\project vattenflaska\importreader.cpp(157): warning C4018: '<' : signed/unsigned mismatch
     1>c:\users\bth\desktop\project\project vattenflaska\importreader.cpp(195): warning C4018: '<' : signed/unsigned mismatch
     1>c:\users\bth\desktop\project\project vattenflaska\importreader.cpp(226): warning C4018: '<' : signed/unsigned mismatch
         GlobalLight.cpp
         GameTime.cpp
         Game.cpp
     1>c:\users\bth\desktop\project\project vattenflaska\game.cpp(59): warning C4018: '<' : signed/unsigned mismatch
     1>c:\users\bth\desktop\project\project vattenflaska\game.cpp(69): warning C4018: '<' : signed/unsigned mismatch
     1>c:\users\bth\desktop\project\project vattenflaska\game.cpp(112): warning C4018: '<' : signed/unsigned mismatch
     1>c:\users\bth\desktop\project\project vattenflaska\game.cpp(122): warning C4018: '<' : signed/unsigned mismatch
     1>c:\users\bth\desktop\project\project vattenflaska\game.cpp(575): warning C4018: '<' : signed/unsigned mismatch
     1>c:\users\bth\desktop\project\project vattenflaska\game.cpp(578): warning C4244: '=' : conversion from 'unsigned int' to 'float', possible loss of data
     1>c:\users\bth\desktop\project\project vattenflaska\game.cpp(597): warning C4018: '<' : signed/unsigned mismatch
     1>c:\users\bth\desktop\project\project vattenflaska\game.cpp(839): warning C4018: '<' : signed/unsigned mismatch
     1>c:\users\bth\desktop\project\project vattenflaska\game.cpp(875): warning C4018: '<' : signed/unsigned mismatch
     1>c:\users\bth\desktop\project\project vattenflaska\game.cpp(905): warning C4018: '<' : signed/unsigned mismatch
     1>c:\users\bth\desktop\project\project vattenflaska\game.cpp(920): warning C4101: 'p' : unreferenced local variable
     1>c:\users\bth\desktop\project\project vattenflaska\game.cpp(1007): warning C4018: '<' : signed/unsigned mismatch
         Generating Code...
         Compiling...
         Events.cpp
         EventManagerImpl.cpp
         EventManager.cpp
         DrawableObject.cpp
         Door.cpp
     1>c:\users\bth\desktop\project\project vattenflaska\door.cpp(73): warning C4018: '<' : signed/unsigned mismatch
         Camera.cpp
         Application.cpp
         Generating Code...
       Link:
         C:\Program Files (x86)\Microsoft Visual Studio 11.0\VC\bin\link.exe /ERRORREPORT:PROMPT /OUT:"C:\Users\bth\Desktop\Project\Debug\Project Vattenflaska.exe" /INCREMENTAL /NOLOGO Lua.lib kernel32.lib user32.lib gdi32.lib winspool.lib comdlg32.lib advapi32.lib shell32.lib ole32.lib oleaut32.lib uuid.lib odbc32.lib odbccp32.lib /MANIFEST /MANIFESTUAC:"level='asInvoker' uiAccess='false'" /manifest:embed /DEBUG /PDB:"C:\Users\bth\Desktop\Project\Debug\Project Vattenflaska.pdb" /TLBID:1 /DYNAMICBASE /NXCOMPAT /IMPLIB:"C:\Users\bth\Desktop\Project\Debug\Project Vattenflaska.lib" /MACHINE:X86 Debug\Application.obj
         Debug\Camera.obj
         Debug\Door.obj
         Debug\DrawableObject.obj
         Debug\EventManager.obj
         Debug\EventManagerImpl.obj
         Debug\Events.obj
         Debug\Game.obj
         Debug\GameTime.obj
         Debug\GlobalLight.obj
         Debug\ImportReader.obj
         Debug\Input.obj
         Debug\Lever.obj
         Debug\LuaEngine.obj
         Debug\LuaWrapper.obj
         Debug\main.obj
         Debug\Menu.obj
         Debug\NavMesh.obj
         Debug\NavMeshObject.obj
         Debug\Particle.obj
         Debug\ParticleHandler.obj
         Debug\Picking.obj
         Debug\Room.obj
         Debug\Sound.obj
         Debug\TestObject.obj
         Debug\Torch.obj
         Debug\Wheel.obj
         C:\Users\bth\Desktop\Project\DirectXTK\Audio\Bin\Desktop_2012\Win32\Debug\DirectXTKAudioDX.lib
         C:\Users\bth\Desktop\Project\DirectXTK\Bin\Desktop_2012\Win32\Debug\DirectXTK.lib
         Project Vattenflaska.vcxproj -> C:\Users\bth\Desktop\Project\Debug\Project Vattenflaska.exe
     1>Done Building Project "C:\Users\bth\Desktop\Project\Project Vattenflaska\Project Vattenflaska.vcxproj" (Build target(s)).

Build succeeded.

Time Elapsed 00:00:52.59
