C:\SIMON\LITET SPELPROJEKT\PROJECT VATTENFLASKA\DEBUG\APPLICATION.OBJ
C:\SIMON\LITET SPELPROJEKT\PROJECT VATTENFLASKA\DEBUG\CAMERA.OBJ
C:\SIMON\LITET SPELPROJEKT\PROJECT VATTENFLASKA\DEBUG\DOOR.OBJ
C:\SIMON\LITET SPELPROJEKT\PROJECT VATTENFLASKA\DEBUG\DRAWABLEOBJECT.OBJ
C:\SIMON\LITET SPELPROJEKT\PROJECT VATTENFLASKA\DEBUG\GAME.OBJ
C:\SIMON\LITET SPELPROJEKT\PROJECT VATTENFLASKA\DEBUG\GAMETIME.OBJ
C:\SIMON\LITET SPELPROJEKT\PROJECT VATTENFLASKA\DEBUG\GLOBALLIGHT.OBJ
C:\SIMON\LITET SPELPROJEKT\PROJECT VATTENFLASKA\DEBUG\INPUT.OBJ
C:\SIMON\LITET SPELPROJEKT\PROJECT VATTENFLASKA\DEBUG\LEVER.OBJ
C:\SIMON\LITET SPELPROJEKT\PROJECT VATTENFLASKA\DEBUG\MAIN.OBJ
C:\SIMON\LITET SPELPROJEKT\PROJECT VATTENFLASKA\DEBUG\MENU.OBJ
C:\SIMON\LITET SPELPROJEKT\PROJECT VATTENFLASKA\DEBUG\PICKING.OBJ
C:\SIMON\LITET SPELPROJEKT\PROJECT VATTENFLASKA\DEBUG\ROOM.OBJ
C:\SIMON\LITET SPELPROJEKT\PROJECT VATTENFLASKA\DEBUG\TESTOBJECT.OBJ
C:\SIMON\LITET SPELPROJEKT\PROJECT VATTENFLASKA\DEBUG\TORCH.OBJ
C:\SIMON\LITET SPELPROJEKT\PROJECT VATTENFLASKA\DEBUG\WHEEL.OBJ
C:\SIMON\LITET SPELPROJEKT\PROJECT VATTENFLASKA\DEBUG\VC110.PDB
C:\SIMON\LITET SPELPROJEKT\PROJECT VATTENFLASKA\DEBUG\IMPORTREADER.OBJ
C:\SIMON\LITET SPELPROJEKT\DEBUG\PROJECT VATTENFLASKA.ILK
C:\SIMON\LITET SPELPROJEKT\DEBUG\PROJECT VATTENFLASKA.EXE
C:\SIMON\LITET SPELPROJEKT\DEBUG\PROJECT VATTENFLASKA.PDB
C:\Simon\Litet Spelprojekt\Project Vattenflaska\Debug\Project Vattenflaska.vcxprojResolveAssemblyReference.cache
C:\Simon\Litet Spelprojekt\Project Vattenflaska\Debug\Application.obj
C:\Simon\Litet Spelprojekt\Project Vattenflaska\Debug\Camera.obj
C:\Simon\Litet Spelprojekt\Project Vattenflaska\Debug\Door.obj
C:\Simon\Litet Spelprojekt\Project Vattenflaska\Debug\DrawableObject.obj
C:\Simon\Litet Spelprojekt\Project Vattenflaska\Debug\Game.obj
C:\Simon\Litet Spelprojekt\Project Vattenflaska\Debug\GameTime.obj
C:\Simon\Litet Spelprojekt\Project Vattenflaska\Debug\GlobalLight.obj
C:\Simon\Litet Spelprojekt\Project Vattenflaska\Debug\ImportReader.obj
C:\Simon\Litet Spelprojekt\Project Vattenflaska\Debug\Input.obj
C:\Simon\Litet Spelprojekt\Project Vattenflaska\Debug\Lever.obj
C:\Simon\Litet Spelprojekt\Project Vattenflaska\Debug\main.obj
C:\Simon\Litet Spelprojekt\Project Vattenflaska\Debug\Menu.obj
C:\Simon\Litet Spelprojekt\Project Vattenflaska\Debug\Picking.obj
C:\Simon\Litet Spelprojekt\Project Vattenflaska\Debug\Room.obj
C:\Simon\Litet Spelprojekt\Project Vattenflaska\Debug\TestObject.obj
C:\Simon\Litet Spelprojekt\Project Vattenflaska\Debug\Torch.obj
C:\Simon\Litet Spelprojekt\Project Vattenflaska\Debug\Wheel.obj
C:\Simon\Litet Spelprojekt\Project Vattenflaska\Debug\cl.command.1.tlog
C:\Simon\Litet Spelprojekt\Project Vattenflaska\Debug\CL.read.1.tlog
C:\Simon\Litet Spelprojekt\Project Vattenflaska\Debug\CL.write.1.tlog
C:\Simon\Litet Spelprojekt\Project Vattenflaska\Debug\link-cvtres.read.1.tlog
C:\Simon\Litet Spelprojekt\Project Vattenflaska\Debug\link-cvtres.write.1.tlog
C:\Simon\Litet Spelprojekt\Project Vattenflaska\Debug\link-rc.read.1.tlog
C:\Simon\Litet Spelprojekt\Project Vattenflaska\Debug\link-rc.write.1.tlog
C:\Simon\Litet Spelprojekt\Project Vattenflaska\Debug\link.2612-cvtres.read.1.tlog
C:\Simon\Litet Spelprojekt\Project Vattenflaska\Debug\link.2612-cvtres.write.1.tlog
C:\Simon\Litet Spelprojekt\Project Vattenflaska\Debug\link.2612-rc.read.1.tlog
C:\Simon\Litet Spelprojekt\Project Vattenflaska\Debug\link.2612-rc.write.1.tlog
C:\Simon\Litet Spelprojekt\Project Vattenflaska\Debug\link.2612.read.1.tlog
C:\Simon\Litet Spelprojekt\Project Vattenflaska\Debug\link.2612.write.1.tlog
C:\Simon\Litet Spelprojekt\Project Vattenflaska\Debug\link.5464-cvtres.read.1.tlog
C:\Simon\Litet Spelprojekt\Project Vattenflaska\Debug\link.5464-cvtres.write.1.tlog
C:\Simon\Litet Spelprojekt\Project Vattenflaska\Debug\link.5464-rc.read.1.tlog
C:\Simon\Litet Spelprojekt\Project Vattenflaska\Debug\link.5464-rc.write.1.tlog
C:\Simon\Litet Spelprojekt\Project Vattenflaska\Debug\link.5464.read.1.tlog
C:\Simon\Litet Spelprojekt\Project Vattenflaska\Debug\link.5464.write.1.tlog
C:\Simon\Litet Spelprojekt\Project Vattenflaska\Debug\link.5848-cvtres.read.1.tlog
C:\Simon\Litet Spelprojekt\Project Vattenflaska\Debug\link.5848-cvtres.write.1.tlog
C:\Simon\Litet Spelprojekt\Project Vattenflaska\Debug\link.5848-rc.read.1.tlog
C:\Simon\Litet Spelprojekt\Project Vattenflaska\Debug\link.5848-rc.write.1.tlog
C:\Simon\Litet Spelprojekt\Project Vattenflaska\Debug\link.5848.read.1.tlog
C:\Simon\Litet Spelprojekt\Project Vattenflaska\Debug\link.5848.write.1.tlog
C:\Simon\Litet Spelprojekt\Project Vattenflaska\Debug\link.6860-cvtres.read.1.tlog
C:\Simon\Litet Spelprojekt\Project Vattenflaska\Debug\link.6860-cvtres.write.1.tlog
C:\Simon\Litet Spelprojekt\Project Vattenflaska\Debug\link.6860-rc.read.1.tlog
C:\Simon\Litet Spelprojekt\Project Vattenflaska\Debug\link.6860-rc.write.1.tlog
C:\Simon\Litet Spelprojekt\Project Vattenflaska\Debug\link.6860.read.1.tlog
C:\Simon\Litet Spelprojekt\Project Vattenflaska\Debug\link.6860.write.1.tlog
C:\Simon\Litet Spelprojekt\Project Vattenflaska\Debug\link.7228-cvtres.read.1.tlog
C:\Simon\Litet Spelprojekt\Project Vattenflaska\Debug\link.7228-cvtres.write.1.tlog
C:\Simon\Litet Spelprojekt\Project Vattenflaska\Debug\link.7228-rc.read.1.tlog
C:\Simon\Litet Spelprojekt\Project Vattenflaska\Debug\link.7228-rc.write.1.tlog
C:\Simon\Litet Spelprojekt\Project Vattenflaska\Debug\link.7228.read.1.tlog
C:\Simon\Litet Spelprojekt\Project Vattenflaska\Debug\link.7228.write.1.tlog
C:\Simon\Litet Spelprojekt\Project Vattenflaska\Debug\link.command.1.tlog
C:\Simon\Litet Spelprojekt\Project Vattenflaska\Debug\link.read.1.tlog
C:\Simon\Litet Spelprojekt\Project Vattenflaska\Debug\link.write.1.tlog
C:\Simon\Litet Spelprojekt\Project Vattenflaska\Debug\vc110.idb
C:\Simon\Litet Spelprojekt\Project Vattenflaska\Debug\vc110.pdb
C:\Simon\Litet Spelprojekt\Debug\Project Vattenflaska.pdb
C:\Simon\Litet Spelprojekt\Debug\Project Vattenflaska.exe
C:\Simon\Litet Spelprojekt\Debug\Project Vattenflaska.ilk
