C:\USERS\SEBASTIAN\DESKTOP\BASSE\DEV\VATTENFLASKA\LUA\DEBUG\LINIT.OBJ
C:\USERS\SEBASTIAN\DESKTOP\BASSE\DEV\VATTENFLASKA\LUA\DEBUG\LIOLIB.OBJ
C:\USERS\SEBASTIAN\DESKTOP\BASSE\DEV\VATTENFLASKA\LUA\DEBUG\LLEX.OBJ
C:\USERS\SEBASTIAN\DESKTOP\BASSE\DEV\VATTENFLASKA\LUA\DEBUG\LMATHLIB.OBJ
C:\USERS\SEBASTIAN\DESKTOP\BASSE\DEV\VATTENFLASKA\LUA\DEBUG\LMEM.OBJ
C:\USERS\SEBASTIAN\DESKTOP\BASSE\DEV\VATTENFLASKA\LUA\DEBUG\LOADLIB.OBJ
C:\USERS\SEBASTIAN\DESKTOP\BASSE\DEV\VATTENFLASKA\LUA\DEBUG\LOBJECT.OBJ
C:\USERS\SEBASTIAN\DESKTOP\BASSE\DEV\VATTENFLASKA\LUA\DEBUG\LOPCODES.OBJ
C:\USERS\SEBASTIAN\DESKTOP\BASSE\DEV\VATTENFLASKA\LUA\DEBUG\LOSLIB.OBJ
C:\USERS\SEBASTIAN\DESKTOP\BASSE\DEV\VATTENFLASKA\LUA\DEBUG\LPARSER.OBJ
C:\USERS\SEBASTIAN\DESKTOP\BASSE\DEV\VATTENFLASKA\LUA\DEBUG\LSTATE.OBJ
C:\USERS\SEBASTIAN\DESKTOP\BASSE\DEV\VATTENFLASKA\LUA\DEBUG\LSTRING.OBJ
C:\USERS\SEBASTIAN\DESKTOP\BASSE\DEV\VATTENFLASKA\LUA\DEBUG\LSTRLIB.OBJ
C:\USERS\SEBASTIAN\DESKTOP\BASSE\DEV\VATTENFLASKA\LUA\DEBUG\LTABLE.OBJ
C:\USERS\SEBASTIAN\DESKTOP\BASSE\DEV\VATTENFLASKA\LUA\DEBUG\LTABLIB.OBJ
C:\USERS\SEBASTIAN\DESKTOP\BASSE\DEV\VATTENFLASKA\LUA\DEBUG\LTM.OBJ
C:\USERS\SEBASTIAN\DESKTOP\BASSE\DEV\VATTENFLASKA\LUA\DEBUG\LUAC.OBJ
C:\USERS\SEBASTIAN\DESKTOP\BASSE\DEV\VATTENFLASKA\LUA\DEBUG\LUNDUMP.OBJ
C:\USERS\SEBASTIAN\DESKTOP\BASSE\DEV\VATTENFLASKA\LUA\DEBUG\LVM.OBJ
C:\USERS\SEBASTIAN\DESKTOP\BASSE\DEV\VATTENFLASKA\LUA\DEBUG\LZIO.OBJ
C:\USERS\SEBASTIAN\DESKTOP\BASSE\DEV\VATTENFLASKA\LUA\DEBUG\LAPI.OBJ
C:\USERS\SEBASTIAN\DESKTOP\BASSE\DEV\VATTENFLASKA\LUA\DEBUG\LAUXLIB.OBJ
C:\USERS\SEBASTIAN\DESKTOP\BASSE\DEV\VATTENFLASKA\LUA\DEBUG\LBASELIB.OBJ
C:\USERS\SEBASTIAN\DESKTOP\BASSE\DEV\VATTENFLASKA\LUA\DEBUG\LBITLIB.OBJ
C:\USERS\SEBASTIAN\DESKTOP\BASSE\DEV\VATTENFLASKA\LUA\DEBUG\LCODE.OBJ
C:\USERS\SEBASTIAN\DESKTOP\BASSE\DEV\VATTENFLASKA\LUA\DEBUG\LCOROLIB.OBJ
C:\USERS\SEBASTIAN\DESKTOP\BASSE\DEV\VATTENFLASKA\LUA\DEBUG\LCTYPE.OBJ
C:\USERS\SEBASTIAN\DESKTOP\BASSE\DEV\VATTENFLASKA\LUA\DEBUG\LDBLIB.OBJ
C:\USERS\SEBASTIAN\DESKTOP\BASSE\DEV\VATTENFLASKA\LUA\DEBUG\LDEBUG.OBJ
C:\USERS\SEBASTIAN\DESKTOP\BASSE\DEV\VATTENFLASKA\LUA\DEBUG\LDO.OBJ
C:\USERS\SEBASTIAN\DESKTOP\BASSE\DEV\VATTENFLASKA\LUA\DEBUG\LDUMP.OBJ
C:\USERS\SEBASTIAN\DESKTOP\BASSE\DEV\VATTENFLASKA\LUA\DEBUG\LFUNC.OBJ
C:\USERS\SEBASTIAN\DESKTOP\BASSE\DEV\VATTENFLASKA\LUA\DEBUG\LGC.OBJ
C:\USERS\SEBASTIAN\DESKTOP\BASSE\DEV\VATTENFLASKA\LUA\DEBUG\VC110.PDB
C:\USERS\SEBASTIAN\DESKTOP\BASSE\DEV\VATTENFLASKA\DEBUG\LUA.ILK
C:\USERS\SEBASTIAN\DESKTOP\BASSE\DEV\VATTENFLASKA\DEBUG\LUA.DLL
C:\USERS\SEBASTIAN\DESKTOP\BASSE\DEV\VATTENFLASKA\DEBUG\LUA.PDB
C:\Users\Sebastian\Desktop\Basse\Dev\Vattenflaska\Debug\Lua.lib
C:\Users\Sebastian\Desktop\Basse\Dev\Vattenflaska\Debug\Lua.exp
C:\Users\Sebastian\Desktop\Basse\Dev\Vattenflaska\Lua\Debug\lapi.obj
C:\Users\Sebastian\Desktop\Basse\Dev\Vattenflaska\Lua\Debug\lauxlib.obj
C:\Users\Sebastian\Desktop\Basse\Dev\Vattenflaska\Lua\Debug\lbaselib.obj
C:\Users\Sebastian\Desktop\Basse\Dev\Vattenflaska\Lua\Debug\lbitlib.obj
C:\Users\Sebastian\Desktop\Basse\Dev\Vattenflaska\Lua\Debug\lcode.obj
C:\Users\Sebastian\Desktop\Basse\Dev\Vattenflaska\Lua\Debug\lcorolib.obj
C:\Users\Sebastian\Desktop\Basse\Dev\Vattenflaska\Lua\Debug\lctype.obj
C:\Users\Sebastian\Desktop\Basse\Dev\Vattenflaska\Lua\Debug\ldblib.obj
C:\Users\Sebastian\Desktop\Basse\Dev\Vattenflaska\Lua\Debug\ldebug.obj
C:\Users\Sebastian\Desktop\Basse\Dev\Vattenflaska\Lua\Debug\ldo.obj
C:\Users\Sebastian\Desktop\Basse\Dev\Vattenflaska\Lua\Debug\ldump.obj
C:\Users\Sebastian\Desktop\Basse\Dev\Vattenflaska\Lua\Debug\lfunc.obj
C:\Users\Sebastian\Desktop\Basse\Dev\Vattenflaska\Lua\Debug\lgc.obj
C:\Users\Sebastian\Desktop\Basse\Dev\Vattenflaska\Lua\Debug\linit.obj
C:\Users\Sebastian\Desktop\Basse\Dev\Vattenflaska\Lua\Debug\liolib.obj
C:\Users\Sebastian\Desktop\Basse\Dev\Vattenflaska\Lua\Debug\llex.obj
C:\Users\Sebastian\Desktop\Basse\Dev\Vattenflaska\Lua\Debug\lmathlib.obj
C:\Users\Sebastian\Desktop\Basse\Dev\Vattenflaska\Lua\Debug\lmem.obj
C:\Users\Sebastian\Desktop\Basse\Dev\Vattenflaska\Lua\Debug\loadlib.obj
C:\Users\Sebastian\Desktop\Basse\Dev\Vattenflaska\Lua\Debug\lobject.obj
C:\Users\Sebastian\Desktop\Basse\Dev\Vattenflaska\Lua\Debug\lopcodes.obj
C:\Users\Sebastian\Desktop\Basse\Dev\Vattenflaska\Lua\Debug\loslib.obj
C:\Users\Sebastian\Desktop\Basse\Dev\Vattenflaska\Lua\Debug\lparser.obj
C:\Users\Sebastian\Desktop\Basse\Dev\Vattenflaska\Lua\Debug\lstate.obj
C:\Users\Sebastian\Desktop\Basse\Dev\Vattenflaska\Lua\Debug\lstring.obj
C:\Users\Sebastian\Desktop\Basse\Dev\Vattenflaska\Lua\Debug\lstrlib.obj
C:\Users\Sebastian\Desktop\Basse\Dev\Vattenflaska\Lua\Debug\ltable.obj
C:\Users\Sebastian\Desktop\Basse\Dev\Vattenflaska\Lua\Debug\ltablib.obj
C:\Users\Sebastian\Desktop\Basse\Dev\Vattenflaska\Lua\Debug\ltm.obj
C:\Users\Sebastian\Desktop\Basse\Dev\Vattenflaska\Lua\Debug\luac.obj
C:\Users\Sebastian\Desktop\Basse\Dev\Vattenflaska\Lua\Debug\lundump.obj
C:\Users\Sebastian\Desktop\Basse\Dev\Vattenflaska\Lua\Debug\lvm.obj
C:\Users\Sebastian\Desktop\Basse\Dev\Vattenflaska\Lua\Debug\lzio.obj
C:\Users\Sebastian\Desktop\Basse\Dev\Vattenflaska\Lua\Debug\cl.command.1.tlog
C:\Users\Sebastian\Desktop\Basse\Dev\Vattenflaska\Lua\Debug\CL.read.1.tlog
C:\Users\Sebastian\Desktop\Basse\Dev\Vattenflaska\Lua\Debug\CL.write.1.tlog
C:\Users\Sebastian\Desktop\Basse\Dev\Vattenflaska\Lua\Debug\link-cvtres.read.1.tlog
C:\Users\Sebastian\Desktop\Basse\Dev\Vattenflaska\Lua\Debug\link-cvtres.write.1.tlog
C:\Users\Sebastian\Desktop\Basse\Dev\Vattenflaska\Lua\Debug\link-rc.read.1.tlog
C:\Users\Sebastian\Desktop\Basse\Dev\Vattenflaska\Lua\Debug\link-rc.write.1.tlog
C:\Users\Sebastian\Desktop\Basse\Dev\Vattenflaska\Lua\Debug\link.command.1.tlog
C:\Users\Sebastian\Desktop\Basse\Dev\Vattenflaska\Lua\Debug\link.read.1.tlog
C:\Users\Sebastian\Desktop\Basse\Dev\Vattenflaska\Lua\Debug\link.write.1.tlog
C:\Users\Sebastian\Desktop\Basse\Dev\Vattenflaska\Lua\Debug\Lua.write.1.tlog
C:\Users\Sebastian\Desktop\Basse\Dev\Vattenflaska\Lua\Debug\vc110.idb
C:\Users\Sebastian\Desktop\Basse\Dev\Vattenflaska\Lua\Debug\vc110.pdb
C:\Users\Sebastian\Desktop\Basse\Dev\Vattenflaska\Debug\Lua.pdb
C:\Users\Sebastian\Desktop\Basse\Dev\Vattenflaska\Debug\Lua.dll
C:\Users\Sebastian\Desktop\Basse\Dev\Vattenflaska\Debug\Lua.ilk
