Build started 2014-05-27 15:05:11.
     1>Project "C:\Users\Sebastian\Desktop\Basse\Dev\Vattenflaska\Lua\Lua.vcxproj" on node 3 (Build target(s)).
     1>ClCompile:
         C:\Program Files (x86)\Microsoft Visual Studio 11.0\VC\bin\CL.exe /c /ZI /nologo /W3 /WX- /sdl /Od /Oy- /D LUA_BUILD_AS_DLL /D _CRT_SECURE_NO_WARNINGS /D _WINDLL /D _MBCS /Gm /EHsc /RTC1 /MDd /GS /fp:precise /Zc:wchar_t /Zc:forScope /Fo"Debug\\" /Fd"Debug\vc110.pdb" /Gd /TC /analyze- /errorReport:prompt lapi.c lauxlib.c lbaselib.c lbitlib.c lcode.c lcorolib.c lctype.c ldblib.c ldebug.c ldo.c ldump.c lfunc.c lgc.c linit.c liolib.c llex.c lmathlib.c lmem.c loadlib.c lobject.c lopcodes.c loslib.c lparser.c lstate.c lstring.c lstrlib.c ltable.c ltablib.c ltm.c luac.c lundump.c lvm.c lzio.c
         lzio.c
         lvm.c
         lundump.c
         luac.c
         ltm.c
         ltablib.c
         ltable.c
         lstrlib.c
         lstring.c
         lstate.c
         lparser.c
         loslib.c
         lopcodes.c
         lobject.c
         loadlib.c
         lmem.c
         lmathlib.c
         llex.c
         liolib.c
         linit.c
         Generating Code...
         Compiling...
         lgc.c
         lfunc.c
         ldump.c
         ldo.c
         ldebug.c
         ldblib.c
         lctype.c
         lcorolib.c
         lcode.c
         lbitlib.c
         lbaselib.c
         lauxlib.c
         lapi.c
         Generating Code...
       Link:
         C:\Program Files (x86)\Microsoft Visual Studio 11.0\VC\bin\link.exe /ERRORREPORT:PROMPT /OUT:"C:\Users\Sebastian\Desktop\Basse\Dev\Vattenflaska\Debug\Lua.dll" /INCREMENTAL /NOLOGO kernel32.lib user32.lib gdi32.lib winspool.lib comdlg32.lib advapi32.lib shell32.lib ole32.lib oleaut32.lib uuid.lib odbc32.lib odbccp32.lib /MANIFEST /MANIFESTUAC:"level='asInvoker' uiAccess='false'" /manifest:embed /DEBUG /PDB:"C:\Users\Sebastian\Desktop\Basse\Dev\Vattenflaska\Debug\Lua.pdb" /TLBID:1 /DYNAMICBASE /NXCOMPAT /IMPLIB:"C:\Users\Sebastian\Desktop\Basse\Dev\Vattenflaska\Debug\Lua.lib" /MACHINE:X86 /DLL Debug\lapi.obj
         Debug\lauxlib.obj
         Debug\lbaselib.obj
         Debug\lbitlib.obj
         Debug\lcode.obj
         Debug\lcorolib.obj
         Debug\lctype.obj
         Debug\ldblib.obj
         Debug\ldebug.obj
         Debug\ldo.obj
         Debug\ldump.obj
         Debug\lfunc.obj
         Debug\lgc.obj
         Debug\linit.obj
         Debug\liolib.obj
         Debug\llex.obj
         Debug\lmathlib.obj
         Debug\lmem.obj
         Debug\loadlib.obj
         Debug\lobject.obj
         Debug\lopcodes.obj
         Debug\loslib.obj
         Debug\lparser.obj
         Debug\lstate.obj
         Debug\lstring.obj
         Debug\lstrlib.obj
         Debug\ltable.obj
         Debug\ltablib.obj
         Debug\ltm.obj
         Debug\luac.obj
         Debug\lundump.obj
         Debug\lvm.obj
         Debug\lzio.obj
         LINK : C:\Users\Sebastian\Desktop\Basse\Dev\Vattenflaska\Debug\Lua.dll not found or not built by the last incremental link; performing full link
            Creating library C:\Users\Sebastian\Desktop\Basse\Dev\Vattenflaska\Debug\Lua.lib and object C:\Users\Sebastian\Desktop\Basse\Dev\Vattenflaska\Debug\Lua.exp
         Lua.vcxproj -> C:\Users\Sebastian\Desktop\Basse\Dev\Vattenflaska\Debug\Lua.dll
     1>Done Building Project "C:\Users\Sebastian\Desktop\Basse\Dev\Vattenflaska\Lua\Lua.vcxproj" (Build target(s)).

Build succeeded.

Time Elapsed 00:00:02.04
